<?xml version="1.0" encoding="UTF-8"?>
<!-- Generated by org.testng.reporters.JUnitXMLReporter -->
<testsuite ignored="0" hostname="DESKTOP-I3SPISH" failures="0" tests="3" name="ChromeTest" time="33.864" errors="0" timestamp="2024-11-08T11:28:26 IST">
  <testcase classname="com.DomsEpson.WelcomeTest.VerifyWelcomePageTest" name="verifyWelcomePageWithValidInput" time="4.109"/>
  <testcase classname="com.DomsEpson.WelcomeTest.VerifyWelcomePageTest" name="verifyWelcomePageWithInvalidInput" time="3.474"/>
  <testcase classname="com.DomsEpson.WelcomeTest.VerifyWelcomePageTest" name="verifyWelcomePageWithInvalidInput" time="3.387"/>
</testsuite> <!-- ChromeTest -->
