<?xml version="1.0" encoding="UTF-8"?>
<!-- Generated by org.testng.reporters.JUnitXMLReporter -->
<testsuite ignored="0" hostname="DESKTOP-I3SPISH" failures="0" tests="5" name="Default test" time="1.784" errors="0" timestamp="2024-11-05T09:30:03 IST">
  <testcase classname="Demo.DemoTest" name="DemoTesting1" time="1.593"/>
  <testcase classname="Demo.DemoTest" name="DemoTesting2" time="0.01"/>
  <testcase classname="Demo.DemoTest" name="DemoTesting3" time="0.005"/>
  <testcase classname="Demo.DemoTest" name="DemoTesting4" time="0.017"/>
  <testcase classname="Demo.DemoTest" name="DemoTesting5" time="0.01"/>
</testsuite> <!-- Default test -->
